<?xml version="1.0" encoding="UTF-8"?>
<testsuites>
<testsuite timestamp="2026-05-12T04:54:18" hostname="MarkThomas" package="chi_bow_cover_write" id="0" name="default" tests="5" errors="0" failures="0" time="23" skipped="4">
<properties>
<property name="os" value="Linux"/>
<property name="expect" value="PASS"/>
<property name="status" value="PASS"/>
</properties>
<testcase classname="default" name="build execution" time="0">
</testcase>
<testcase classname="default" name="Property ASSERT in chi_bow_props at chi_bow_props.sv:272.17-272.57" time="0" type="ASSERT" location="chi_bow_props.sv:272.17-272.57" id="_witness_.check_assert_chi_bow_props_sv_272_72">
<skipped />
</testcase>
<testcase classname="default" name="Property ASSERT in chi_bow_props at chi_bow_props.sv:275.13-275.43" time="0" type="ASSERT" location="chi_bow_props.sv:275.13-275.43" id="_witness_.check_assert_chi_bow_props_sv_275_75">
<skipped />
</testcase>
<testcase classname="default" name="Property ASSERT in chi_bow_props at chi_bow_props.sv:278.13-278.43" time="0" type="ASSERT" location="chi_bow_props.sv:278.13-278.43" id="_witness_.check_assert_chi_bow_props_sv_278_77">
<skipped />
</testcase>
<testcase classname="default" name="Property ASSERT in chi_bow_props at chi_bow_props.sv:283.17-283.85" time="0" type="ASSERT" location="chi_bow_props.sv:283.17-283.85" id="_witness_.check_assert_chi_bow_props_sv_283_79">
<skipped />
</testcase>
<testcase classname="default" name="Property COVER in chi_bow_props at chi_bow_props.sv:297.13-297.72" time="0" type="COVER" location="chi_bow_props.sv:297.13-297.72" id="_witness_.check_cover_chi_bow_props_sv_297_84" tracefile="engine_0/trace0.vcd">
</testcase>
<system-out>SBY  4:53:56 [chi_bow_cover_write] Removing directory '/home/markt/proj/chi-to-bow-bridge/verification/formal/chi_bow_cover_write'.
SBY  4:53:56 [chi_bow_cover_write] Copy '/home/markt/proj/chi-to-bow-bridge/verification/formal/chi_bow_props.sv' to '/home/markt/proj/chi-to-bow-bridge/verification/formal/chi_bow_cover_write/src/chi_bow_props.sv'.
SBY  4:53:56 [chi_bow_cover_write] Copy '/home/markt/proj/chi-to-bow-bridge/verification/formal/../../src/chi_to_bow_bridge.v' to '/home/markt/proj/chi-to-bow-bridge/verification/formal/chi_bow_cover_write/src/chi_to_bow_bridge.v'.
SBY  4:53:56 [chi_bow_cover_write] engine_0: smtbmc
SBY  4:53:56 [chi_bow_cover_write] base: starting process &quot;cd chi_bow_cover_write/src; yosys -ql ../model/design.log ../model/design.ys&quot;
SBY  4:53:56 [chi_bow_cover_write] base: Warning: Replacing memory \bow_mem with list of registers. See chi_to_bow_bridge.v:184
SBY  4:53:56 [chi_bow_cover_write] base: Warning: Replacing memory \chi_mem with list of registers. See chi_to_bow_bridge.v:115
SBY  4:53:56 [chi_bow_cover_write] base: chi_to_bow_bridge.v:259: Warning: Range [63:0] select out of bounds on signal `\chi_peek_addr': Setting 56 MSB bits to undef.
SBY  4:54:02 [chi_bow_cover_write] base: finished (returncode=0)
SBY  4:54:02 [chi_bow_cover_write] prep: starting process &quot;cd chi_bow_cover_write/model; yosys -ql design_prep.log design_prep.ys&quot;
SBY  4:54:03 [chi_bow_cover_write] prep: Warning: Wire chi_bow_props.\u_dut.chi_rsp_ready is used but has no driver.
SBY  4:54:03 [chi_bow_cover_write] prep: Warning: Wire chi_bow_props.\u_dut.bow_tx_ready is used but has no driver.
SBY  4:54:03 [chi_bow_cover_write] prep: Warning: Wire chi_bow_props.\u_dut.bow_rx_data [112] is used but has no driver.
SBY  4:54:03 [chi_bow_cover_write] prep: Warning: Wire chi_bow_props.\u_dut.bow_rx_data [111] is used but has no driver.
SBY  4:54:03 [chi_bow_cover_write] prep: Warning: Wire chi_bow_props.\u_dut.bow_rx_data [110] is used but has no driver.
SBY  4:54:03 [chi_bow_cover_write] prep: Warning: Wire chi_bow_props.\u_dut.bow_rx_data [109] is used but has no driver.
SBY  4:54:03 [chi_bow_cover_write] prep: Warning: Wire chi_bow_props.\u_dut.bow_rx_data [108] is used but has no driver.
SBY  4:54:03 [chi_bow_cover_write] prep: Warning: Wire chi_bow_props.\u_dut.bow_rx_data [107] is used but has no driver.
SBY  4:54:03 [chi_bow_cover_write] prep: Warning: Wire chi_bow_props.\u_dut.bow_rx_data [106] is used but has no driver.
SBY  4:54:03 [chi_bow_cover_write] prep: Warning: Wire chi_bow_props.\u_dut.bow_rx_data [105] is used but has no driver.
SBY  4:54:03 [chi_bow_cover_write] prep: Warning: Wire chi_bow_props.\u_dut.bow_rx_data [104] is used but has no driver.
SBY  4:54:03 [chi_bow_cover_write] prep: Warning: Wire chi_bow_props.\u_dut.bow_rx_data [103] is used but has no driver.
SBY  4:54:03 [chi_bow_cover_write] prep: Warning: Wire chi_bow_props.\u_dut.bow_rx_data [102] is used but has no driver.
SBY  4:54:03 [chi_bow_cover_write] prep: Warning: Wire chi_bow_props.\u_dut.bow_rx_data [101] is used but has no driver.
SBY  4:54:03 [chi_bow_cover_write] prep: Warning: Wire chi_bow_props.\u_dut.bow_rx_data [100] is used but has no driver.
SBY  4:54:03 [chi_bow_cover_write] prep: Warning: Wire chi_bow_props.\u_dut.bow_rx_data [99] is used but has no driver.
SBY  4:54:03 [chi_bow_cover_write] prep: Warning: Wire chi_bow_props.\u_dut.bow_rx_data [98] is used but has no driver.
SBY  4:54:03 [chi_bow_cover_write] prep: Warning: Wire chi_bow_props.\u_dut.bow_rx_data [97] is used but has no driver.
SBY  4:54:03 [chi_bow_cover_write] prep: Warning: Wire chi_bow_props.\u_dut.bow_rx_data [96] is used but has no driver.
SBY  4:54:03 [chi_bow_cover_write] prep: Warning: Wire chi_bow_props.\u_dut.bow_rx_data [95] is used but has no driver.
SBY  4:54:03 [chi_bow_cover_write] prep: Warning: Wire chi_bow_props.\u_dut.bow_rx_data [94] is used but has no driver.
SBY  4:54:03 [chi_bow_cover_write] prep: Warning: Wire chi_bow_props.\u_dut.bow_rx_data [93] is used but has no driver.
SBY  4:54:03 [chi_bow_cover_write] prep: Warning: Wire chi_bow_props.\u_dut.bow_rx_data [92] is used but has no driver.
SBY  4:54:03 [chi_bow_cover_write] prep: Warning: Wire chi_bow_props.\u_dut.bow_rx_data [91] is used but has no driver.
SBY  4:54:03 [chi_bow_cover_write] prep: Warning: Wire chi_bow_props.\u_dut.bow_rx_data [90] is used but has no driver.
SBY  4:54:03 [chi_bow_cover_write] prep: Warning: Wire chi_bow_props.\u_dut.bow_rx_data [89] is used but has no driver.
SBY  4:54:03 [chi_bow_cover_write] prep: Warning: Wire chi_bow_props.\u_dut.bow_rx_data [88] is used but has no driver.
SBY  4:54:03 [chi_bow_cover_write] prep: Warning: Wire chi_bow_props.\u_dut.bow_rx_data [87] is used but has no driver.
SBY  4:54:03 [chi_bow_cover_write] prep: Warning: Wire chi_bow_props.\u_dut.bow_rx_data [86] is used but has no driver.
SBY  4:54:03 [chi_bow_cover_write] prep: Warning: Wire chi_bow_props.\u_dut.bow_rx_data [85] is used but has no driver.
SBY  4:54:03 [chi_bow_cover_write] prep: Warning: Wire chi_bow_props.\u_dut.bow_rx_data [84] is used but has no driver.
SBY  4:54:03 [chi_bow_cover_write] prep: Warning: Wire chi_bow_props.\u_dut.bow_rx_data [83] is used but has no driver.
SBY  4:54:03 [chi_bow_cover_write] prep: Warning: Wire chi_bow_props.\u_dut.bow_rx_data [82] is used but has no driver.
SBY  4:54:03 [chi_bow_cover_write] prep: Warning: Wire chi_bow_props.\u_dut.bow_rx_data [81] is used but has no driver.
SBY  4:54:03 [chi_bow_cover_write] prep: Warning: Wire chi_bow_props.\u_dut.bow_rx_data [80] is used but has no driver.
SBY  4:54:03 [chi_bow_cover_write] prep: Warning: Wire chi_bow_props.\u_dut.bow_rx_data [79] is used but has no driver.
SBY  4:54:03 [chi_bow_cover_write] prep: Warning: Wire chi_bow_props.\u_dut.bow_rx_data [78] is used but has no driver.
SBY  4:54:03 [chi_bow_cover_write] prep: Warning: Wire chi_bow_props.\u_dut.bow_rx_data [77] is used but has no driver.
SBY  4:54:03 [chi_bow_cover_write] prep: Warning: Wire chi_bow_props.\u_dut.bow_rx_data [76] is used but has no driver.
SBY  4:54:03 [chi_bow_cover_write] prep: Warning: Wire chi_bow_props.\u_dut.bow_rx_data [75] is used but has no driver.
SBY  4:54:03 [chi_bow_cover_write] prep: Warning: Wire chi_bow_props.\u_dut.bow_rx_data [74] is used but has no driver.
SBY  4:54:03 [chi_bow_cover_write] prep: Warning: Wire chi_bow_props.\u_dut.bow_rx_data [73] is used but has no driver.
SBY  4:54:03 [chi_bow_cover_write] prep: Warning: Wire chi_bow_props.\u_dut.bow_rx_data [72] is used but has no driver.
SBY  4:54:03 [chi_bow_cover_write] prep: Warning: Wire chi_bow_props.\u_dut.bow_rx_data [71] is used but has no driver.
SBY  4:54:03 [chi_bow_cover_write] prep: Warning: Wire chi_bow_props.\u_dut.bow_rx_data [70] is used but has no driver.
SBY  4:54:03 [chi_bow_cover_write] prep: Warning: Wire chi_bow_props.\u_dut.bow_rx_data [69] is used but has no driver.
SBY  4:54:03 [chi_bow_cover_write] prep: Warning: Wire chi_bow_props.\u_dut.bow_rx_data [68] is used but has no driver.
SBY  4:54:03 [chi_bow_cover_write] prep: Warning: Wire chi_bow_props.\u_dut.bow_rx_data [67] is used but has no driver.
SBY  4:54:03 [chi_bow_cover_write] prep: Warning: Wire chi_bow_props.\u_dut.bow_rx_data [66] is used but has no driver.
SBY  4:54:03 [chi_bow_cover_write] prep: Warning: Wire chi_bow_props.\u_dut.bow_rx_data [65] is used but has no driver.
SBY  4:54:03 [chi_bow_cover_write] prep: Warning: Wire chi_bow_props.\u_dut.bow_rx_data [64] is used but has no driver.
SBY  4:54:03 [chi_bow_cover_write] prep: Warning: Wire chi_bow_props.\u_dut.bow_rx_data [63] is used but has no driver.
SBY  4:54:03 [chi_bow_cover_write] prep: Warning: Wire chi_bow_props.\u_dut.bow_rx_data [62] is used but has no driver.
SBY  4:54:03 [chi_bow_cover_write] prep: Warning: Wire chi_bow_props.\u_dut.bow_rx_data [61] is used but has no driver.
SBY  4:54:03 [chi_bow_cover_write] prep: Warning: Wire chi_bow_props.\u_dut.bow_rx_data [60] is used but has no driver.
SBY  4:54:03 [chi_bow_cover_write] prep: Warning: Wire chi_bow_props.\u_dut.bow_rx_data [59] is used but has no driver.
SBY  4:54:03 [chi_bow_cover_write] prep: Warning: Wire chi_bow_props.\u_dut.bow_rx_data [58] is used but has no driver.
SBY  4:54:03 [chi_bow_cover_write] prep: Warning: Wire chi_bow_props.\u_dut.bow_rx_data [57] is used but has no driver.
SBY  4:54:03 [chi_bow_cover_write] prep: Warning: Wire chi_bow_props.\u_dut.bow_rx_data [56] is used but has no driver.
SBY  4:54:03 [chi_bow_cover_write] prep: Warning: Wire chi_bow_props.\u_dut.bow_rx_data [55] is used but has no driver.
SBY  4:54:03 [chi_bow_cover_write] prep: Warning: Wire chi_bow_props.\u_dut.bow_rx_data [54] is used but has no driver.
SBY  4:54:03 [chi_bow_cover_write] prep: Warning: Wire chi_bow_props.\u_dut.bow_rx_data [53] is used but has no driver.
SBY  4:54:03 [chi_bow_cover_write] prep: Warning: Wire chi_bow_props.\u_dut.bow_rx_data [52] is used but has no driver.
SBY  4:54:03 [chi_bow_cover_write] prep: Warning: Wire chi_bow_props.\u_dut.bow_rx_data [51] is used but has no driver.
SBY  4:54:03 [chi_bow_cover_write] prep: Warning: Wire chi_bow_props.\u_dut.bow_rx_data [50] is used but has no driver.
SBY  4:54:03 [chi_bow_cover_write] prep: Warning: Wire chi_bow_props.\u_dut.bow_rx_data [49] is used but has no driver.
SBY  4:54:03 [chi_bow_cover_write] prep: Warning: Wire chi_bow_props.\u_dut.bow_rx_data [48] is used but has no driver.
SBY  4:54:03 [chi_bow_cover_write] prep: Warning: Wire chi_bow_props.\u_dut.bow_rx_data [47] is used but has no driver.
SBY  4:54:03 [chi_bow_cover_write] prep: Warning: Wire chi_bow_props.\u_dut.bow_rx_data [46] is used but has no driver.
SBY  4:54:03 [chi_bow_cover_write] prep: Warning: Wire chi_bow_props.\u_dut.bow_rx_data [45] is used but has no driver.
SBY  4:54:03 [chi_bow_cover_write] prep: Warning: Wire chi_bow_props.\u_dut.bow_rx_data [44] is used but has no driver.
SBY  4:54:03 [chi_bow_cover_write] prep: Warning: Wire chi_bow_props.\u_dut.bow_rx_data [43] is used but has no driver.
SBY  4:54:03 [chi_bow_cover_write] prep: Warning: Wire chi_bow_props.\u_dut.bow_rx_data [42] is used but has no driver.
SBY  4:54:03 [chi_bow_cover_write] prep: Warning: Wire chi_bow_props.\u_dut.bow_rx_data [41] is used but has no driver.
SBY  4:54:03 [chi_bow_cover_write] prep: Warning: Wire chi_bow_props.\u_dut.bow_rx_data [40] is used but has no driver.
SBY  4:54:03 [chi_bow_cover_write] prep: Warning: Wire chi_bow_props.\u_dut.bow_rx_data [39] is used but has no driver.
SBY  4:54:03 [chi_bow_cover_write] prep: Warning: Wire chi_bow_props.\u_dut.bow_rx_data [38] is used but has no driver.
SBY  4:54:03 [chi_bow_cover_write] prep: Warning: Wire chi_bow_props.\u_dut.bow_rx_data [37] is used but has no driver.
SBY  4:54:03 [chi_bow_cover_write] prep: Warning: Wire chi_bow_props.\u_dut.bow_rx_data [36] is used but has no driver.
SBY  4:54:03 [chi_bow_cover_write] prep: Warning: Wire chi_bow_props.\u_dut.bow_rx_data [35] is used but has no driver.
SBY  4:54:03 [chi_bow_cover_write] prep: Warning: Wire chi_bow_props.\u_dut.bow_rx_data [34] is used but has no driver.
SBY  4:54:03 [chi_bow_cover_write] prep: Warning: Wire chi_bow_props.\u_dut.bow_rx_data [33] is used but has no driver.
SBY  4:54:03 [chi_bow_cover_write] prep: Warning: Wire chi_bow_props.\u_dut.bow_rx_data [32] is used but has no driver.
SBY  4:54:03 [chi_bow_cover_write] prep: Warning: Wire chi_bow_props.\u_dut.bow_rx_data [31] is used but has no driver.
SBY  4:54:03 [chi_bow_cover_write] prep: Warning: Wire chi_bow_props.\u_dut.bow_rx_data [30] is used but has no driver.
SBY  4:54:03 [chi_bow_cover_write] prep: Warning: Wire chi_bow_props.\u_dut.bow_rx_data [29] is used but has no driver.
SBY  4:54:03 [chi_bow_cover_write] prep: Warning: Wire chi_bow_props.\u_dut.bow_rx_data [28] is used but has no driver.
SBY  4:54:03 [chi_bow_cover_write] prep: Warning: Wire chi_bow_props.\u_dut.bow_rx_data [27] is used but has no driver.
SBY  4:54:03 [chi_bow_cover_write] prep: Warning: Wire chi_bow_props.\u_dut.bow_rx_data [26] is used but has no driver.
SBY  4:54:03 [chi_bow_cover_write] prep: Warning: Wire chi_bow_props.\u_dut.bow_rx_data [25] is used but has no driver.
SBY  4:54:03 [chi_bow_cover_write] prep: Warning: Wire chi_bow_props.\u_dut.bow_rx_data [24] is used but has no driver.
SBY  4:54:03 [chi_bow_cover_write] prep: Warning: Wire chi_bow_props.\u_dut.bow_rx_data [23] is used but has no driver.
SBY  4:54:03 [chi_bow_cover_write] prep: Warning: Wire chi_bow_props.\u_dut.bow_rx_data [22] is used but has no driver.
SBY  4:54:03 [chi_bow_cover_write] prep: Warning: Wire chi_bow_props.\u_dut.bow_rx_data [21] is used but has no driver.
SBY  4:54:03 [chi_bow_cover_write] prep: Warning: Wire chi_bow_props.\u_dut.bow_rx_data [20] is used but has no driver.
SBY  4:54:03 [chi_bow_cover_write] prep: Warning: Wire chi_bow_props.\u_dut.bow_rx_data [19] is used but has no driver.
SBY  4:54:03 [chi_bow_cover_write] prep: Warning: Wire chi_bow_props.\u_dut.bow_rx_data [18] is used but has no driver.
SBY  4:54:03 [chi_bow_cover_write] prep: Warning: Wire chi_bow_props.\u_dut.bow_rx_data [17] is used but has no driver.
SBY  4:54:03 [chi_bow_cover_write] prep: Warning: Wire chi_bow_props.\u_dut.bow_rx_data [16] is used but has no driver.
SBY  4:54:03 [chi_bow_cover_write] prep: Warning: Wire chi_bow_props.\u_dut.bow_rx_data [15] is used but has no driver.
SBY  4:54:03 [chi_bow_cover_write] prep: Warning: Wire chi_bow_props.\u_dut.bow_rx_data [14] is used but has no driver.
SBY  4:54:03 [chi_bow_cover_write] prep: Warning: Wire chi_bow_props.\u_dut.bow_rx_data [13] is used but has no driver.
SBY  4:54:03 [chi_bow_cover_write] prep: Warning: Wire chi_bow_props.\u_dut.bow_rx_data [12] is used but has no driver.
SBY  4:54:03 [chi_bow_cover_write] prep: Warning: Wire chi_bow_props.\u_dut.bow_rx_data [11] is used but has no driver.
SBY  4:54:03 [chi_bow_cover_write] prep: Warning: Wire chi_bow_props.\u_dut.bow_rx_data [10] is used but has no driver.
SBY  4:54:03 [chi_bow_cover_write] prep: Warning: Wire chi_bow_props.\u_dut.bow_rx_data [9] is used but has no driver.
SBY  4:54:03 [chi_bow_cover_write] prep: Warning: Wire chi_bow_props.\u_dut.bow_rx_data [8] is used but has no driver.
SBY  4:54:03 [chi_bow_cover_write] prep: Warning: Wire chi_bow_props.\u_dut.bow_rx_valid is used but has no driver.
SBY  4:54:03 [chi_bow_cover_write] prep: Warning: Wire chi_bow_props.\u_dut.chi_req_valid is used but has no driver.
SBY  4:54:03 [chi_bow_cover_write] prep: Warning: Wire chi_bow_props.\bow_rx_data [7] is used but has no driver.
SBY  4:54:03 [chi_bow_cover_write] prep: Warning: Wire chi_bow_props.\bow_rx_data [6] is used but has no driver.
SBY  4:54:03 [chi_bow_cover_write] prep: Warning: Wire chi_bow_props.\bow_rx_data [5] is used but has no driver.
SBY  4:54:03 [chi_bow_cover_write] prep: Warning: Wire chi_bow_props.\bow_rx_data [4] is used but has no driver.
SBY  4:54:03 [chi_bow_cover_write] prep: Warning: Wire chi_bow_props.\bow_rx_data [3] is used but has no driver.
SBY  4:54:03 [chi_bow_cover_write] prep: Warning: Wire chi_bow_props.\bow_rx_data [2] is used but has no driver.
SBY  4:54:03 [chi_bow_cover_write] prep: Warning: Wire chi_bow_props.\bow_rx_data [1] is used but has no driver.
SBY  4:54:03 [chi_bow_cover_write] prep: Warning: Wire chi_bow_props.\bow_rx_data [0] is used but has no driver.
SBY  4:54:03 [chi_bow_cover_write] prep: Warning: Wire chi_bow_props.\bow_rx_data [127] is used but has no driver.
SBY  4:54:03 [chi_bow_cover_write] prep: Warning: Wire chi_bow_props.\bow_rx_data [126] is used but has no driver.
SBY  4:54:03 [chi_bow_cover_write] prep: Warning: Wire chi_bow_props.\bow_rx_data [125] is used but has no driver.
SBY  4:54:03 [chi_bow_cover_write] prep: Warning: Wire chi_bow_props.\bow_rx_data [124] is used but has no driver.
SBY  4:54:03 [chi_bow_cover_write] prep: Warning: Wire chi_bow_props.\bow_rx_data [121] is used but has no driver.
SBY  4:54:03 [chi_bow_cover_write] prep: Warning: Wire chi_bow_props.\bow_rx_data [120] is used but has no driver.
SBY  4:54:03 [chi_bow_cover_write] prep: Warning: Wire chi_bow_props.\bow_rx_data [119] is used but has no driver.
SBY  4:54:03 [chi_bow_cover_write] prep: Warning: Wire chi_bow_props.\bow_rx_data [118] is used but has no driver.
SBY  4:54:03 [chi_bow_cover_write] prep: Warning: Wire chi_bow_props.\bow_rx_data [117] is used but has no driver.
SBY  4:54:03 [chi_bow_cover_write] prep: Warning: Wire chi_bow_props.\bow_rx_data [116] is used but has no driver.
SBY  4:54:03 [chi_bow_cover_write] prep: Warning: Wire chi_bow_props.\bow_rx_data [115] is used but has no driver.
SBY  4:54:03 [chi_bow_cover_write] prep: Warning: Wire chi_bow_props.\bow_rx_data [114] is used but has no driver.
SBY  4:54:03 [chi_bow_cover_write] prep: Warning: Wire chi_bow_props.\bow_rx_data [113] is used but has no driver.
SBY  4:54:03 [chi_bow_cover_write] prep: Warning: Wire chi_bow_props.\bow_rx_data [123] is used but has no driver.
SBY  4:54:03 [chi_bow_cover_write] prep: Warning: Wire chi_bow_props.\bow_rx_data [122] is used but has no driver.
SBY  4:54:03 [chi_bow_cover_write] prep: Warning: Wire chi_bow_props.\chi_req_opcode [1] is used but has no driver.
SBY  4:54:03 [chi_bow_cover_write] prep: Warning: Wire chi_bow_props.\u_dut.chi_req_opcode [0] is used but has no driver.
SBY  4:54:03 [chi_bow_cover_write] prep: Warning: Wire chi_bow_props.\u_dut.chi_req_addr [7] is used but has no driver.
SBY  4:54:03 [chi_bow_cover_write] prep: Warning: Wire chi_bow_props.\u_dut.chi_req_addr [6] is used but has no driver.
SBY  4:54:03 [chi_bow_cover_write] prep: Warning: Wire chi_bow_props.\u_dut.chi_req_addr [5] is used but has no driver.
SBY  4:54:03 [chi_bow_cover_write] prep: Warning: Wire chi_bow_props.\u_dut.chi_req_addr [4] is used but has no driver.
SBY  4:54:03 [chi_bow_cover_write] prep: Warning: Wire chi_bow_props.\u_dut.chi_req_addr [3] is used but has no driver.
SBY  4:54:03 [chi_bow_cover_write] prep: Warning: Wire chi_bow_props.\u_dut.chi_req_addr [2] is used but has no driver.
SBY  4:54:03 [chi_bow_cover_write] prep: Warning: Wire chi_bow_props.\u_dut.chi_req_addr [1] is used but has no driver.
SBY  4:54:03 [chi_bow_cover_write] prep: Warning: Wire chi_bow_props.\u_dut.chi_req_addr [0] is used but has no driver.
SBY  4:54:03 [chi_bow_cover_write] prep: Warning: Wire chi_bow_props.\u_dut.chi_req_data [7] is used but has no driver.
SBY  4:54:03 [chi_bow_cover_write] prep: Warning: Wire chi_bow_props.\u_dut.chi_req_data [6] is used but has no driver.
SBY  4:54:03 [chi_bow_cover_write] prep: Warning: Wire chi_bow_props.\u_dut.chi_req_data [5] is used but has no driver.
SBY  4:54:03 [chi_bow_cover_write] prep: Warning: Wire chi_bow_props.\u_dut.chi_req_data [4] is used but has no driver.
SBY  4:54:03 [chi_bow_cover_write] prep: Warning: Wire chi_bow_props.\u_dut.chi_req_data [3] is used but has no driver.
SBY  4:54:03 [chi_bow_cover_write] prep: Warning: Wire chi_bow_props.\u_dut.chi_req_data [2] is used but has no driver.
SBY  4:54:03 [chi_bow_cover_write] prep: Warning: Wire chi_bow_props.\u_dut.chi_req_data [1] is used but has no driver.
SBY  4:54:03 [chi_bow_cover_write] prep: Warning: Wire chi_bow_props.\u_dut.chi_req_data [0] is used but has no driver.
SBY  4:54:03 [chi_bow_cover_write] prep: Warning: Wire chi_bow_props.\chi_req_beats [7] is used but has no driver.
SBY  4:54:03 [chi_bow_cover_write] prep: Warning: Wire chi_bow_props.\chi_req_beats [6] is used but has no driver.
SBY  4:54:03 [chi_bow_cover_write] prep: Warning: Wire chi_bow_props.\chi_req_beats [5] is used but has no driver.
SBY  4:54:03 [chi_bow_cover_write] prep: Warning: Wire chi_bow_props.\chi_req_beats [4] is used but has no driver.
SBY  4:54:03 [chi_bow_cover_write] prep: Warning: Wire chi_bow_props.\chi_req_beats [3] is used but has no driver.
SBY  4:54:03 [chi_bow_cover_write] prep: Warning: Wire chi_bow_props.\chi_req_beats [2] is used but has no driver.
SBY  4:54:03 [chi_bow_cover_write] prep: Warning: Wire chi_bow_props.\chi_req_beats [1] is used but has no driver.
SBY  4:54:03 [chi_bow_cover_write] prep: Warning: Wire chi_bow_props.\chi_req_beats [0] is used but has no driver.
SBY  4:54:03 [chi_bow_cover_write] prep: Warning: Wire chi_bow_props.\chi_req_txnid [7] is used but has no driver.
SBY  4:54:03 [chi_bow_cover_write] prep: Warning: Wire chi_bow_props.\chi_req_txnid [6] is used but has no driver.
SBY  4:54:03 [chi_bow_cover_write] prep: Warning: Wire chi_bow_props.\chi_req_txnid [5] is used but has no driver.
SBY  4:54:03 [chi_bow_cover_write] prep: Warning: Wire chi_bow_props.\chi_req_txnid [4] is used but has no driver.
SBY  4:54:03 [chi_bow_cover_write] prep: Warning: Wire chi_bow_props.\chi_req_txnid [3] is used but has no driver.
SBY  4:54:03 [chi_bow_cover_write] prep: Warning: Wire chi_bow_props.\chi_req_txnid [2] is used but has no driver.
SBY  4:54:03 [chi_bow_cover_write] prep: Warning: Wire chi_bow_props.\chi_req_txnid [1] is used but has no driver.
SBY  4:54:03 [chi_bow_cover_write] prep: Warning: Wire chi_bow_props.\chi_req_txnid [0] is used but has no driver.
SBY  4:54:04 [chi_bow_cover_write] prep: finished (returncode=0)
SBY  4:54:04 [chi_bow_cover_write] smt2: starting process &quot;cd chi_bow_cover_write/model; yosys -ql design_smt2.log design_smt2.ys&quot;
SBY  4:54:04 [chi_bow_cover_write] smt2: finished (returncode=0)
SBY  4:54:04 [chi_bow_cover_write] engine_0: starting process &quot;cd chi_bow_cover_write; yosys-smtbmc --presat --unroll -c --noprogress -t 15  --append 0 --dump-vcd engine_0/trace%.vcd --dump-yw engine_0/trace%.yw --dump-vlogtb engine_0/trace%_tb.v --dump-smtc engine_0/trace%.smtc model/design_smt2.smt2&quot;
SBY  4:54:04 [chi_bow_cover_write] engine_0: ##   0:00:00  Solver: yices
SBY  4:54:05 [chi_bow_cover_write] engine_0: ##   0:00:00  Checking cover reachability in step 0..
SBY  4:54:06 [chi_bow_cover_write] engine_0: ##   0:00:01  Checking cover reachability in step 1..
SBY  4:54:07 [chi_bow_cover_write] engine_0: ##   0:00:02  Checking cover reachability in step 2..
SBY  4:54:08 [chi_bow_cover_write] engine_0: ##   0:00:03  Checking cover reachability in step 3..
SBY  4:54:09 [chi_bow_cover_write] engine_0: ##   0:00:04  Checking cover reachability in step 4..
SBY  4:54:11 [chi_bow_cover_write] engine_0: ##   0:00:06  Checking cover reachability in step 5..
SBY  4:54:12 [chi_bow_cover_write] engine_0: ##   0:00:07  Checking cover reachability in step 6..
SBY  4:54:14 [chi_bow_cover_write] engine_0: ##   0:00:09  Checking cover reachability in step 7..
SBY  4:54:16 [chi_bow_cover_write] engine_0: ##   0:00:11  Checking cover reachability in step 8..
SBY  4:54:17 [chi_bow_cover_write] engine_0: ##   0:00:12  Reached cover statement in step 8 at chi_bow_props: chi_bow_props.sv:297.13-297.72 (_witness_.check_cover_chi_bow_props_sv_297_84)
SBY  4:54:17 [chi_bow_cover_write] engine_0: ##   0:00:12  Writing trace to VCD file: engine_0/trace0.vcd
SBY  4:54:17 [chi_bow_cover_write] engine_0: ##   0:00:12  Writing trace to Verilog testbench: engine_0/trace0_tb.v
SBY  4:54:17 [chi_bow_cover_write] engine_0: ##   0:00:12  Writing trace to constraints file: engine_0/trace0.smtc
SBY  4:54:17 [chi_bow_cover_write] engine_0: ##   0:00:12  Writing trace to Yosys witness file: engine_0/trace0.yw
SBY  4:54:18 [chi_bow_cover_write] engine_0: ##   0:00:13  Status: passed
SBY  4:54:18 [chi_bow_cover_write] engine_0: finished (returncode=0)
SBY  4:54:18 [chi_bow_cover_write] engine_0: Status returned by engine: pass
SBY  4:54:18 [chi_bow_cover_write] summary: Elapsed clock time [H:MM:SS (secs)]: 0:00:22 (22)
SBY  4:54:18 [chi_bow_cover_write] summary: Elapsed process time [H:MM:SS (secs)]: 0:00:23 (23)
SBY  4:54:18 [chi_bow_cover_write] summary: engine_0 (smtbmc) returned pass
SBY  4:54:18 [chi_bow_cover_write] summary: cover trace: chi_bow_cover_write/engine_0/trace0.vcd
SBY  4:54:18 [chi_bow_cover_write] summary:   reached cover statement chi_bow_props._witness_.check_cover_chi_bow_props_sv_297_84 at chi_bow_props.sv:297.13-297.72 step 8
SBY  4:54:18 [chi_bow_cover_write] DONE (PASS, rc=0)
</system-out>
<system-err>
</system-err>
</testsuite>
</testsuites>
